{
  "uid" : "278dbfc24b1ca3b1",
  "name" : "[TiTile] case 查询内部人员 -- 创建用户失败,未输入用户名",
  "fullName" : "TestCases.test_system_suite.test_system.TestSystem#test_create_user_fail_name",
  "historyId" : "0e55802e674f29db18aa6909a9a9f924",
  "time" : {
    "start" : 1636964549402,
    "stop" : 1636964549402,
    "duration" : 0
  },
  "description" : "登录测试用例 执行人：limusen",
  "descriptionHtml" : "<p>登录测试用例 执行人：limusen</p>\n",
  "status" : "skipped",
  "statusMessage" : "Skipped: 暂时未通过测试",
  "statusTrace" : "('TestCases\\\\test_system_suite\\\\test_system.py', 69, 'Skipped: 暂时未通过测试')",
  "flaky" : false,
  "newFailed" : false,
  "beforeStages" : [ {
    "name" : "init",
    "time" : {
      "start" : 1636964525483,
      "stop" : 1636964534056,
      "duration" : 8573
    },
    "status" : "passed",
    "steps" : [ ],
    "attachments" : [ ],
    "parameters" : [ ],
    "stepsCount" : 0,
    "hasContent" : false,
    "attachmentsCount" : 0,
    "shouldDisplayMessage" : false
  }, {
    "name" : "refresh",
    "time" : {
      "start" : 1636964549417,
      "stop" : 1636964549417,
      "duration" : 0
    },
    "status" : "passed",
    "steps" : [ ],
    "attachments" : [ ],
    "parameters" : [ ],
    "stepsCount" : 0,
    "hasContent" : false,
    "attachmentsCount" : 0,
    "shouldDisplayMessage" : false
  } ],
  "afterStages" : [ {
    "name" : "refresh::0",
    "time" : {
      "start" : 1636964555046,
      "stop" : 1636964555402,
      "duration" : 356
    },
    "status" : "passed",
    "steps" : [ ],
    "attachments" : [ ],
    "parameters" : [ ],
    "stepsCount" : 0,
    "hasContent" : false,
    "attachmentsCount" : 0,
    "shouldDisplayMessage" : false
  }, {
    "name" : "init::0",
    "time" : {
      "start" : 1636964561977,
      "stop" : 1636964564354,
      "duration" : 2377
    },
    "status" : "passed",
    "steps" : [ ],
    "attachments" : [ ],
    "parameters" : [ ],
    "stepsCount" : 0,
    "hasContent" : false,
    "attachmentsCount" : 0,
    "shouldDisplayMessage" : false
  } ],
  "labels" : [ {
    "name" : "story",
    "value" : "[Story]系统管理-内部人员管理"
  }, {
    "name" : "epic",
    "value" : "[epic]盛杰运营后台"
  }, {
    "name" : "tag",
    "value" : "@pytest.mark.usefixtures('refresh')"
  }, {
    "name" : "tag",
    "value" : "@pytest.mark.skip('暂时未通过测试')"
  }, {
    "name" : "parentSuite",
    "value" : "TestCases.test_system_suite"
  }, {
    "name" : "suite",
    "value" : "test_system"
  }, {
    "name" : "subSuite",
    "value" : "TestSystem"
  }, {
    "name" : "host",
    "value" : "DESKTOP-OTOI92D"
  }, {
    "name" : "thread",
    "value" : "7768-MainThread"
  }, {
    "name" : "framework",
    "value" : "pytest"
  }, {
    "name" : "language",
    "value" : "cpython3"
  }, {
    "name" : "package",
    "value" : "TestCases.test_system_suite.test_system"
  }, {
    "name" : "resultFormat",
    "value" : "allure2"
  } ],
  "parameters" : [ ],
  "links" : [ ],
  "hidden" : false,
  "retry" : false,
  "extra" : {
    "severity" : "normal",
    "retries" : [ {
      "uid" : "cb4e1660453b190b",
      "status" : "broken",
      "statusDetails" : "selenium.common.exceptions.ElementClickInterceptedException: Message: element click intercepted: Element <button data-v-6bc56568=\"\" type=\"button\" class=\"el-button el-button--primary el-button--small\">...</button> is not clickable at point (630, 276). Other element would receive the click: <input type=\"text\" autocomplete=\"off\" placeholder=\"请输入员工姓名\" maxlength=\"8\" class=\"el-input__inner\">\n  (Session info: chrome=93.0.4577.63)",
      "time" : {
        "start" : 1636962780066,
        "stop" : 1636962785934,
        "duration" : 5868
      }
    }, {
      "uid" : "a41f66012590a315",
      "status" : "broken",
      "statusDetails" : "selenium.common.exceptions.ElementClickInterceptedException: Message: element click intercepted: Element <button data-v-6bc56568=\"\" type=\"button\" class=\"el-button el-button--primary el-button--small\">...</button> is not clickable at point (630, 276). Other element would receive the click: <input type=\"text\" autocomplete=\"off\" placeholder=\"请输入员工姓名\" maxlength=\"8\" class=\"el-input__inner\">\n  (Session info: chrome=93.0.4577.63)",
      "time" : {
        "start" : 1636962321869,
        "stop" : 1636962327774,
        "duration" : 5905
      }
    } ],
    "categories" : [ ],
    "history" : {
      "statistic" : {
        "failed" : 0,
        "broken" : 2,
        "skipped" : 1,
        "passed" : 0,
        "unknown" : 0,
        "total" : 3
      },
      "items" : [ {
        "uid" : "2c33dc9591be5745",
        "reportUrl" : "http://localhost:8080/job/QAQ/26/allure/#testresult/2c33dc9591be5745",
        "status" : "broken",
        "statusDetails" : "selenium.common.exceptions.ElementClickInterceptedException: Message: element click intercepted: Element <button data-v-6bc56568=\"\" type=\"button\" class=\"el-button el-button--primary el-button--small\">...</button> is not clickable at point (630, 276). Other element would receive the click: <input type=\"text\" autocomplete=\"off\" placeholder=\"请输入员工姓名\" maxlength=\"8\" class=\"el-input__inner\">\n  (Session info: chrome=93.0.4577.63)",
        "time" : {
          "start" : 1636962780066,
          "stop" : 1636962785934,
          "duration" : 5868
        }
      }, {
        "uid" : "c6c89ed944602fff",
        "reportUrl" : "http://localhost:8080/job/QAQ/25/allure/#testresult/c6c89ed944602fff",
        "status" : "broken",
        "statusDetails" : "selenium.common.exceptions.ElementClickInterceptedException: Message: element click intercepted: Element <button data-v-6bc56568=\"\" type=\"button\" class=\"el-button el-button--primary el-button--small\">...</button> is not clickable at point (630, 276). Other element would receive the click: <input type=\"text\" autocomplete=\"off\" placeholder=\"请输入员工姓名\" maxlength=\"8\" class=\"el-input__inner\">\n  (Session info: chrome=93.0.4577.63)",
        "time" : {
          "start" : 1636962321869,
          "stop" : 1636962327774,
          "duration" : 5905
        }
      } ]
    },
    "tags" : [ "@pytest.mark.usefixtures('refresh')", "@pytest.mark.skip('暂时未通过测试')" ]
  },
  "source" : "278dbfc24b1ca3b1.json",
  "parameterValues" : [ ]
}